<?xml version="1.0" encoding="UTF-8"?>
<testsuite xmlns:xsi="http://www.w3.org/2001/XMLSchema-instance" xsi:schemaLocation="https://maven.apache.org/surefire/maven-surefire-plugin/xsd/surefire-test-report.xsd" name="com.makotojava.learn.odot.dao.ItemDaoTest" time="7.128" tests="12" errors="0" skipped="0" failures="0">
  <properties>
[...]
</properties>
  <testcase name="testAdd" classname="com.makotojava.learn.odot.dao.ItemDaoTest$ItemDaoPessimisticScenariosTest" time="0.511"/>
  <testcase name="testAdd" classname="com.makotojava.learn.odot.dao.ItemDaoTest$ItemDaoOptimisticScenariosTest" time="0.509"/>
  <testcase name="testAdd" classname="com.makotojava.learn.odot.dao.ItemDaoTest$ItemDaoOptimisticScenariosTest$ItemDaoOptimisticAddWithCategoryScenariosTest" time="0.512"/>
  <testcase name="testDelete" classname="com.makotojava.learn.odot.dao.ItemDaoTest$ItemDaoPessimisticScenariosTest" time="0.506"/>
  <testcase name="testDelete" classname="com.makotojava.learn.odot.dao.ItemDaoTest$ItemDaoOptimisticScenariosTest" time="0.511"/>
  <testcase name="testUpdate" classname="com.makotojava.learn.odot.dao.ItemDaoTest$ItemDaoPessimisticScenariosTest" time="0.507"/>
  <testcase name="testUpdate" classname="com.makotojava.learn.odot.dao.ItemDaoTest$ItemDaoOptimisticScenariosTest" time="0.514"/>
  <testcase name="testUpdate" classname="com.makotojava.learn.odot.dao.ItemDaoTest$ItemDaoOptimisticScenariosTest$ItemDaoOptimisticUpdateWithCategoryScenariosTest" time="0.513"/>
  <testcase name="testFindAll" classname="com.makotojava.learn.odot.dao.ItemDaoTest$ItemDaoOptimisticScenariosTest" time="0.512"/>
  <testcase name="testFindAll" classname="com.makotojava.learn.odot.dao.ItemDaoTest$ItemDaoEmptyDbScenariosTest" time="0.505"/>
  <testcase name="testFindById" classname="com.makotojava.learn.odot.dao.ItemDaoTest$ItemDaoOptimisticScenariosTest" time="0.512"/>
  <testcase name="testFindByDescription" classname="com.makotojava.learn.odot.dao.ItemDaoTest$ItemDaoOptimisticScenariosTest" time="0.514"/>
</testsuite>